[   409.943] 
X.Org X Server 1.21.1.4
X Protocol Version 11, Revision 0
[   409.943] Current Operating System: Linux 13a1483dc71c 5.15.79.1-microsoft-standard-WSL2 #1 SMP Wed Nov 23 01:01:46 UTC 2022 x86_64
[   409.943] Kernel command line: initrd=\initrd.img WSL_ROOT_INIT=1 panic=-1 nr_cpus=12 swiotlb=force console=hvc0 debug pty.legacy_count=0
[   409.943]  
[   409.943] Current version of pixman: 0.40.0
[   409.943] 	Before reporting problems, check http://wiki.x.org
	to make sure that you have the latest version.
[   409.943] Markers: (--) probed, (**) from config file, (==) default setting,
	(++) from command line, (!!) notice, (II) informational,
	(WW) warning, (EE) error, (NI) not implemented, (??) unknown.
[   409.943] (++) Log file: ".xorgxrdp.10.log", Time: Wed Feb 15 18:22:51 2023
[   409.943] (++) Using config file: "/etc/X11/xrdp/xorg.conf"
[   409.943] (==) Using system config directory "/usr/share/X11/xorg.conf.d"
[   409.943] (**) Option "defaultserverlayout" "X11 Server"
[   409.943] (**) ServerLayout "X11 Server"
[   409.943] (**) |-->Screen "Screen (xrdpdev)" (0)
[   409.943] (**) |   |-->Monitor "Monitor"
[   409.943] (**) |   |-->Device "Video Card (xrdpdev)"
[   409.943] (**) |-->Input Device "xrdpMouse"
[   409.943] (**) |-->Input Device "xrdpKeyboard"
[   409.943] (**) Option "DontVTSwitch" "on"
[   409.943] (**) Option "AutoAddDevices" "off"
[   409.943] (**) Not automatically adding devices
[   409.943] (==) Automatically enabling devices
[   409.944] (==) Automatically adding GPU devices
[   409.944] (==) Automatically binding GPU devices
[   409.944] (==) Max clients allowed: 256, resource mask: 0x1fffff
[   409.944] (WW) The directory "/usr/share/fonts/TTF" does not exist.
[   409.944] 	Entry deleted from font path.
[   409.944] (WW) The directory "/usr/share/fonts/Type1" does not exist.
[   409.944] 	Entry deleted from font path.
[   409.944] (==) FontPath set to:
	/usr/share/fonts/misc,
	/usr/share/fonts/100dpi:unscaled,
	/usr/share/fonts/75dpi:unscaled
[   409.944] (==) ModulePath set to "/usr/lib/xorg/modules"
[   409.944] (II) Module ABI versions:
[   409.944] 	X.Org ANSI C Emulation: 0.4
[   409.944] 	X.Org Video Driver: 25.2
[   409.944] 	X.Org XInput driver : 24.4
[   409.944] 	X.Org Server Extension : 10.0
[   409.944] (II) xfree86: Adding drm device (/dev/dri/card0)
[   409.944] (II) Platform probe for /sys/devices/platform/vgem/drm/card0
[   409.946] (--) PCI:*(0@39633:0:0) 1414:008e:0000:0000 rev 0
[   409.946] (WW) Open ACPI failed (/var/run/acpid.socket) (No such file or directory)
[   409.946] (II) "glx" will be loaded. This was enabled by default and also specified in the config file.
[   409.946] (II) LoadModule: "dbe"
[   409.947] (II) Module "dbe" already built-in
[   409.947] (II) LoadModule: "ddc"
[   409.947] (II) Module "ddc" already built-in
[   409.947] (II) LoadModule: "extmod"
[   409.947] (II) Module "extmod" already built-in
[   409.947] (II) LoadModule: "glx"
[   409.947] (II) Loading /usr/lib/xorg/modules/extensions/libglx.so
[   409.950] (II) Module glx: vendor="X.Org Foundation"
[   409.950] 	compiled for 1.21.1.4, module version = 1.0.0
[   409.950] 	ABI class: X.Org Server Extension, version 10.0
[   409.950] (II) LoadModule: "int10"
[   409.950] (II) Loading /usr/lib/xorg/modules/libint10.so
[   409.951] (II) Module int10: vendor="X.Org Foundation"
[   409.951] 	compiled for 1.21.1.4, module version = 1.0.0
[   409.951] 	ABI class: X.Org Video Driver, version 25.2
[   409.951] (II) LoadModule: "record"
[   409.951] (II) Module "record" already built-in
[   409.951] (II) LoadModule: "vbe"
[   409.951] (II) Loading /usr/lib/xorg/modules/libint10.so
[   409.951] (II) Module int10: vendor="X.Org Foundation"
[   409.951] 	compiled for 1.21.1.4, module version = 1.0.0
[   409.951] 	ABI class: X.Org Video Driver, version 25.2
[   409.951] (II) LoadModule: "xorgxrdp"
[   409.951] (II) Loading /usr/lib/xorg/modules/libxorgxrdp.so
[   409.951] (II) Module XORGXRDP: vendor="X.Org Foundation"
[   409.951] 	compiled for 1.21.1.3, module version = 0.2.17
[   409.951] 	ABI class: X.Org Video Driver, version 25.2
[   409.951] xorgxrdpSetup:
[   409.951] (II) LoadModule: "fb"
[   409.951] (II) Module "fb" already built-in
[   409.951] (II) LoadModule: "xrdpdev"
[   409.951] (II) Loading /usr/lib/xorg/modules/drivers/xrdpdev_drv.so
[   409.951] (II) Module XRDPDEV: vendor="X.Org Foundation"
[   409.951] 	compiled for 1.21.1.3, module version = 0.2.17
[   409.951] 	ABI class: X.Org Video Driver, version 25.2
[   409.951] xrdpdevSetup:
[   409.951] (II) LoadModule: "xrdpmouse"
[   409.951] (II) Loading /usr/lib/xorg/modules/input/xrdpmouse_drv.so
[   409.951] (II) Module XRDPMOUSE: vendor="X.Org Foundation"
[   409.951] 	compiled for 1.21.1.3, module version = 0.2.17
[   409.951] 	Module class: X.Org XInput Driver
[   409.951] 	ABI class: X.Org XInput driver, version 24.4
[   409.951] rdpmousePlug:
[   409.951] (II) LoadModule: "xrdpkeyb"
[   409.951] (II) Loading /usr/lib/xorg/modules/input/xrdpkeyb_drv.so
[   409.951] (II) Module XRDPKEYB: vendor="X.Org Foundation"
[   409.951] 	compiled for 1.21.1.3, module version = 0.2.17
[   409.952] 	Module class: X.Org XInput Driver
[   409.952] 	ABI class: X.Org XInput driver, version 24.4
[   409.952] rdpkeybPlug:
[   409.952] rdpIdentify:
[   409.952] (II) XRDPDEV: driver for xrdp: XRDPDEV
[   409.952] rdpDriverFunc: op 10
[   409.952] (WW) Falling back to old probe method for XRDPDEV
[   409.952] rdpProbe:
[   409.952] (II) Loading sub module "fb"
[   409.952] (II) LoadModule: "fb"
[   409.952] (II) Module "fb" already built-in
[   409.952] (II) XRDPDEV(0): using default device
[   409.952] (WW) VGA arbiter: cannot open kernel arbiter, no multi-card support
[   409.952] rdpPreInit:
[   409.952] (**) XRDPDEV(0): Depth 24, (--) framebuffer bpp 32
[   409.952] (==) XRDPDEV(0): RGB weight 888
[   409.952] (==) XRDPDEV(0): Using gamma correction (1.0, 1.0, 1.0)
[   409.952] (==) XRDPDEV(0): Default visual is TrueColor
[   409.952] (==) XRDPDEV(0): DPI set to (96, 96)
[   409.952] (II) XRDPDEV(0): 	mode "640x480" ok
[   409.952] (II) XRDPDEV(0): 	mode "800x600" ok
[   409.952] (II) XRDPDEV(0): Virtual size is 800x600 (pitch 800)
[   409.952] (**) XRDPDEV(0):  Default mode "800x600": 36.0 MHz (scaled from 0.0 MHz), 35.2 kHz, 56.2 Hz
[   409.952] (II) XRDPDEV(0): Modeline "800x600"x0.0   36.00  800 824 896 1024  600 601 603 625 +hsync +vsync (35.2 kHz d)
[   409.952] rdpScreenInit: virtualX 800 virtualY 600 rgbBits 8 depth 24
[   409.952] rdpScreenInit: pfbMemory bytes 1920000
[   409.952] rdpScreenInit: pfbMemory 0x7f6c61f3c360
[   409.952] rdpSimdInit: assigning yuv functions
[   409.952] rdpSimdInit: cpuid ax 1 cx 0 return ax 0x00870f10 bx 0x01100800 cx 0xfed83203 dx 0x178bfbff
[   409.952] rdpSimdInit: sse2 amd64 yuv functions assigned
[   409.952] (==) XRDPDEV(0): Backing store enabled
[   409.952] rdpClientConInit: disconnect idle session after [0] sec
[   409.952] rdpClientConInit: kill disconnected [0] timeout [0] sec
[   409.952] rdpXvInit: depth 24
[   409.952] rdpScreenInit: out
[   409.952] (II) Initializing extension Generic Event Extension
[   409.952] (II) Initializing extension SHAPE
[   409.953] (II) Initializing extension MIT-SHM
[   409.953] (II) Initializing extension XInputExtension
[   409.953] (II) Initializing extension XTEST
[   409.953] (II) Initializing extension BIG-REQUESTS
[   409.953] (II) Initializing extension SYNC
[   409.954] (II) Initializing extension XKEYBOARD
[   409.954] (II) Initializing extension XC-MISC
[   409.954] (II) Initializing extension SECURITY
[   409.954] (II) Initializing extension XFIXES
[   409.954] (II) Initializing extension RENDER
[   409.954] (II) Initializing extension RANDR
[   409.955] (II) Initializing extension COMPOSITE
[   409.955] (II) Initializing extension DAMAGE
[   409.955] (II) Initializing extension MIT-SCREEN-SAVER
[   409.955] (II) Initializing extension DOUBLE-BUFFER
[   409.955] (II) Initializing extension RECORD
[   409.956] (II) Initializing extension DPMS
[   409.956] (II) Initializing extension Present
[   409.956] (II) Initializing extension DRI3
[   409.956] (II) Initializing extension X-Resource
[   409.956] (II) Initializing extension XVideo
[   409.956] (II) Initializing extension XVideo-MotionCompensation
[   409.956] (II) Initializing extension GLX
[   409.956] (II) AIGLX: Screen 0 is not DRI2 capable
[   409.974] (II) IGLX: Loaded and initialized swrast
[   409.974] (II) GLX: Initialized DRISWRAST GL provider for screen 0
[   409.974] (II) Initializing extension XFree86-VidModeExtension
[   409.974] (II) Initializing extension XFree86-DGA
[   409.974] (II) Initializing extension XFree86-DRI
[   409.974] (II) Initializing extension DRI2
[   409.975] rdpCreateScreenResources:
[   409.991] (II) Using input driver 'XRDPMOUSE' for 'xrdpMouse'
[   409.991] (**) Option "CorePointer"
[   409.991] (**) xrdpMouse: always reports core events
[   409.991] rdpmousePreInit: drv 0x7f6c6265d9d0 info 0x7f6c59c55b50, flags 0x0
[   409.991] (II) XINPUT: Adding extended input device "xrdpMouse" (type: Mouse, id 6)
[   409.991] rdpmouseControl: what 0
[   409.991] rdpmouseDeviceInit:
[   409.991] rdpmouseCtrl:
[   409.991] rdpRegisterInputCallback: type 1 proc 0x7f6c621173b1
[   409.991] (**) xrdpMouse: (accel) keeping acceleration scheme 1
[   409.991] (**) xrdpMouse: (accel) acceleration profile 0
[   409.991] (**) xrdpMouse: (accel) acceleration factor: 2.000
[   409.991] (**) xrdpMouse: (accel) acceleration threshold: 4
[   409.991] rdpmouseControl: what 1
[   409.991] rdpmouseDeviceOn:
[   409.991] (II) Using input driver 'XRDPKEYB' for 'xrdpKeyboard'
[   409.991] (**) Option "CoreKeyboard"
[   409.991] (**) xrdpKeyboard: always reports core events
[   409.991] rdpkeybPreInit: drv 0x7f6c6265da70 info 0x7f6c59c55c90, flags 0x0
[   409.991] (II) XINPUT: Adding extended input device "xrdpKeyboard" (type: Keyboard, id 7)
[   409.991] rdpkeybControl: what 0
[   409.991] rdpkeybDeviceInit:
[   410.002] rdpkeybChangeKeyboardControl:
[   410.002] rdpkeybChangeKeyboardControl: autoRepeat on
[   410.002] rdpRegisterInputCallback: type 0 proc 0x7f6c621128ad
[   410.002] rdpkeybControl: what 1
[   410.002] rdpkeybDeviceOn:
[   410.003] (II) config/udev: Adding drm device (/dev/dri/card0)
[   410.003] (II) xfree86: Adding drm device (/dev/dri/card0)
[   410.003] (II) Platform probe for /sys/devices/platform/vgem/drm/card0
[   410.004] rdpDeferredRandR:
[   410.004] rdpResizeSession: width 1024 height 768
[   410.004]   calling RRScreenSizeSet
[   410.004] rdpRRScreenSetSize: width 1024 height 768 mmWidth 271 mmHeight 203
[   410.004] rdpRRGetInfo:
[   410.004]   screen resized to 1024x768
[   410.005]   RRScreenSizeSet ok 1
[   410.005] rdpResizeSession: width 1920 height 969
[   410.005]   calling RRScreenSizeSet
[   410.005] rdpRRScreenSetSize: width 1920 height 969 mmWidth 508 mmHeight 256
[   410.005] rdpRRGetInfo:
[   410.005]   screen resized to 1920x969
[   410.006]   RRScreenSizeSet ok 1
[   410.042] rdpClientConGotConnection:
[   410.042] rdpClientConGotConnection: g_sck_accept ok new_sck 7
[   410.042] rdpClientConGetConnection: idle_disconnect_timeout set to non-positive value, idle timer turned off
[   410.042] rdpAddClientConToDev: adding first clientCon 0x7f6c620fd0d0
[   410.044] rdpClientConProcessMsgVersion: version 0 0 0 1
[   410.044] rdpClientConProcessScreenSizeMsg: set width 1920 height 969 bpp 16
[   410.044] rdpClientConProcessScreenSizeMsg: shmemid 0 shmemptr 0x7f6c58da2000
[   410.044] rdpClientConProcessMsgClientInput: invalidate x 0 y 0 cx 1920 cy 969
[   410.102] rdpInDeferredRepeatCallback:
[   410.103] rdpkeybChangeKeyboardControl:
[   410.103] rdpkeybChangeKeyboardControl: autoRepeat off
[   410.206] rdpRRGetInfo:
[   410.246] rdpClientConProcessMsgClientInfo:
[   410.246]   got client info bytes 7072
[   410.246]   jpeg support 0
[   410.246]   offscreen support 0
[   410.246]   offscreen size 0
[   410.246]   offscreen entries 0
[   410.246]   client supports glyph cache but server disabled
[   410.246]   client can not do offscreen to offscreen blits
[   410.246]   client can do new(color) cursor
[   410.246]   client can not do multimon
[   410.246] rdpRRSetRdpOutputs: numCrtcs 0 numOutputs 0 monitorCount 0
[   410.246] rdpRRSetRdpOutputs: add output 0 left 0 top 0 width 1920 height 969
[   410.246] rdpLoadLayout: keylayout 0x00000409 variant  display 10
[   410.246] rdpkeybChangeKeyboardControl:
[   410.246] rdpkeybChangeKeyboardControl: autoRepeat on
[   410.247] rdpkeybChangeKeyboardControl:
[   410.247] rdpkeybChangeKeyboardControl: autoRepeat on
[   410.346] rdpInDeferredRepeatCallback:
[   410.346] rdpkeybChangeKeyboardControl:
[   410.346] rdpkeybChangeKeyboardControl: autoRepeat off
[   410.347] rdpInDeferredRepeatCallback:
[   410.347] rdpkeybChangeKeyboardControl:
[   410.347] rdpkeybChangeKeyboardControl: autoRepeat off
[  1851.692] rdpClientConRecv: g_sck_recv failed(returned 0)
[  1851.692] rdpClientConRecvMsg: error
[  1851.692] rdpClientConCheck: rdpClientConGotData failed
[  1851.692] rdpClientConDisconnect:
[  1851.692] rdpRemoveClientConFromDev: removing clientCon 0x7f6c620fd0d0
